<?xml version="1.0" encoding="UTF-8"?>
<!-- Generated by org.testng.reporters.JUnitReportReporter -->
<testsuite hostname="DESKTOP-9HVER1J" failures="0" tests="1" name="testcase.LoginPageTest" time="18.934" errors="0" timestamp="2022-07-20T15:02:02 IST" skipped="0">
  <testcase classname="testcase.LoginPageTest" name="loginTest" time="18.934"/>
  <system-out/>
</testsuite> <!-- testcase.LoginPageTest -->
