<?xml version="1.0" encoding="UTF-8"?>
<!-- Generated by org.testng.reporters.JUnitReportReporter -->
<testsuite hostname="DESKTOP-9HVER1J" failures="0" tests="1" name="testcase.LoginPageTest" time="47.518" errors="0" timestamp="2022-07-20T13:45:50 IST" skipped="0">
  <testcase classname="testcase.LoginPageTest" name="loginTest" time="47.518"/>
  <system-out/>
</testsuite> <!-- testcase.LoginPageTest -->
